<?xml version="1.0" encoding="UTF-8"?>
<!-- Generated by org.testng.reporters.JUnitXMLReporter -->
<testsuite hostname="man2-PC" name="Test" tests="8" failures="0" timestamp="10 Apr 2020 12:35:49 GMT" time="95.72" errors="0">
  <testcase name="login" time="20.167" classname="com.wipro.testcases.TC004"/>
  <testcase name="countMenuList" time="1.324" classname="com.wipro.testcases.TC004"/>
  <testcase name="mainMenuSnaps" time="27.656" classname="com.wipro.testcases.TC004"/>
  <testcase name="logout" time="4.173" classname="com.wipro.testcases.TC004"/>
  <testcase name="login" time="7.011" classname="com.wipro.testcases.TC005"/>
  <testcase name="getFavBrands" time="4.621" classname="com.wipro.testcases.TC005"/>
  <testcase name="getBrandSnaps" time="23.918" classname="com.wipro.testcases.TC005"/>
  <testcase name="logout" time="3.67" classname="com.wipro.testcases.TC005"/>
</testsuite> <!-- Test -->
